2024-04-06 08:55:57.101 [main] INFO  skf.config.ConfigurationFactory - Importing the SFK configuration file
2024-04-06 08:55:57.193 [main] INFO  skf.core.SEEHLAModule - Connecting to HLA/RTI.
2024-04-06 08:55:57.216 [main] INFO  skf.core.SEERTIAmbassador - Vendor HLA/RTI: name:pRTI 1516, rtiVersion: v5.5.2, hlaVersion: HLA IEEE 1516-2010
2024-04-06 08:55:57.363 [main] INFO  skf.core.SEEHLAModule - Loading FOMs modules.
2024-04-06 08:55:57.363 [main] DEBUG skf.core.SEEHLAModule - Loading the foms/LunarRover.xml file.
2024-04-06 08:55:57.363 [main] DEBUG skf.core.SEEHLAModule - Loading the foms/LunarRover.xml file.
2024-04-06 08:55:57.363 [main] INFO  skf.core.SEEHLAModule - Join the federate ' LunarRover ' into the Federation execution ' SEE 2015 '.
2024-04-06 08:55:57.609 [main] INFO  skf.core.SEEHLAModule - Set up time management.
2024-04-06 08:55:57.609 [main] INFO  skf.core.SEEHLAModule - Asynchronous delivery enabled.
2024-04-06 08:55:57.609 [main] INFO  skf.core.SEEHLAModule - Time constrained enabled.
2024-04-06 08:55:58.409 [main] INFO  skf.core.SEEHLAModule - Subscribed to the Subject
2024-04-06 08:55:58.426 [main] INFO  skf.core.SEEHLAModule - The Object ' LunarRover [entity_name=LunarRover, parent_reference_frame=MoonCentricFixed, entity_type=LunarRoverType, position=Position [x=100.123, y=200.456, z=300.321]] ' has been published.
2024-04-06 08:55:58.427 [main] INFO  skf.core.SEEHLAModule - Subscribing the ' MoonCentricFixed ' ReferenceFrame
2024-04-06 08:55:58.436 [Thread-1] DEBUG skf.model.object.ObjectClassModelParser - Encoding: LunarRover [entity_name=LunarRover, parent_reference_frame=MoonCentricFixed, entity_type=LunarRoverType, position=Position [x=110.123, y=200.456, z=300.321]]
2024-04-06 08:55:58.442 [Thread-1] INFO  skf.core.SEEHLAModule - The Object ' LunarRover [entity_name=LunarRover, parent_reference_frame=MoonCentricFixed, entity_type=LunarRoverType, position=Position [x=110.123, y=200.456, z=300.321]] ' has been updated on the HLA/RTI platform.
2024-04-06 08:55:59.407 [prti1516e: LRC[0x4ebff610] Federate service] DEBUG siso.smackdown.ReferenceFrameObject - Updating the attributes of the ReferenceFrame: MoonCentricFixed.
2024-04-06 08:55:59.421 [Thread-1] DEBUG skf.model.object.ObjectClassModelParser - Encoding: LunarRover [entity_name=LunarRover, parent_reference_frame=MoonCentricFixed, entity_type=LunarRoverType, position=Position [x=120.123, y=200.456, z=300.321]]
2024-04-06 08:55:59.422 [Thread-1] INFO  skf.core.SEEHLAModule - The Object ' LunarRover [entity_name=LunarRover, parent_reference_frame=MoonCentricFixed, entity_type=LunarRoverType, position=Position [x=120.123, y=200.456, z=300.321]] ' has been updated on the HLA/RTI platform.
2024-04-06 08:56:00.411 [prti1516e: LRC[0x4ebff610] Federate service] DEBUG siso.smackdown.ReferenceFrameObject - Updating the attributes of the ReferenceFrame: MoonCentricFixed.
2024-04-06 08:56:00.419 [Thread-1] DEBUG skf.model.object.ObjectClassModelParser - Encoding: LunarRover [entity_name=LunarRover, parent_reference_frame=MoonCentricFixed, entity_type=LunarRoverType, position=Position [x=130.123, y=200.456, z=300.321]]
2024-04-06 08:56:00.420 [Thread-1] INFO  skf.core.SEEHLAModule - The Object ' LunarRover [entity_name=LunarRover, parent_reference_frame=MoonCentricFixed, entity_type=LunarRoverType, position=Position [x=130.123, y=200.456, z=300.321]] ' has been updated on the HLA/RTI platform.
2024-04-06 08:56:01.420 [prti1516e: LRC[0x4ebff610] Federate service] DEBUG siso.smackdown.ReferenceFrameObject - Updating the attributes of the ReferenceFrame: MoonCentricFixed.
2024-04-06 08:56:01.429 [Thread-1] DEBUG skf.model.object.ObjectClassModelParser - Encoding: LunarRover [entity_name=LunarRover, parent_reference_frame=MoonCentricFixed, entity_type=LunarRoverType, position=Position [x=140.123, y=200.456, z=300.321]]
2024-04-06 08:56:01.430 [Thread-1] INFO  skf.core.SEEHLAModule - The Object ' LunarRover [entity_name=LunarRover, parent_reference_frame=MoonCentricFixed, entity_type=LunarRoverType, position=Position [x=140.123, y=200.456, z=300.321]] ' has been updated on the HLA/RTI platform.
2024-04-06 08:56:02.434 [prti1516e: LRC[0x4ebff610] Federate service] DEBUG siso.smackdown.ReferenceFrameObject - Updating the attributes of the ReferenceFrame: MoonCentricFixed.
2024-04-06 08:56:02.440 [Thread-1] DEBUG skf.model.object.ObjectClassModelParser - Encoding: LunarRover [entity_name=LunarRover, parent_reference_frame=MoonCentricFixed, entity_type=LunarRoverType, position=Position [x=150.123, y=200.456, z=300.321]]
2024-04-06 08:56:02.442 [Thread-1] INFO  skf.core.SEEHLAModule - The Object ' LunarRover [entity_name=LunarRover, parent_reference_frame=MoonCentricFixed, entity_type=LunarRoverType, position=Position [x=150.123, y=200.456, z=300.321]] ' has been updated on the HLA/RTI platform.
2024-04-06 08:56:03.447 [prti1516e: LRC[0x4ebff610] Federate service] DEBUG siso.smackdown.ReferenceFrameObject - Updating the attributes of the ReferenceFrame: MoonCentricFixed.
2024-04-06 08:56:03.466 [Thread-1] DEBUG skf.model.object.ObjectClassModelParser - Encoding: LunarRover [entity_name=LunarRover, parent_reference_frame=MoonCentricFixed, entity_type=LunarRoverType, position=Position [x=160.123, y=200.456, z=300.321]]
2024-04-06 08:56:03.468 [Thread-1] INFO  skf.core.SEEHLAModule - The Object ' LunarRover [entity_name=LunarRover, parent_reference_frame=MoonCentricFixed, entity_type=LunarRoverType, position=Position [x=160.123, y=200.456, z=300.321]] ' has been updated on the HLA/RTI platform.
2024-04-06 08:56:04.457 [prti1516e: LRC[0x4ebff610] Federate service] DEBUG siso.smackdown.ReferenceFrameObject - Updating the attributes of the ReferenceFrame: MoonCentricFixed.
2024-04-06 08:56:04.474 [Thread-1] DEBUG skf.model.object.ObjectClassModelParser - Encoding: LunarRover [entity_name=LunarRover, parent_reference_frame=MoonCentricFixed, entity_type=LunarRoverType, position=Position [x=170.123, y=200.456, z=300.321]]
2024-04-06 08:56:04.476 [Thread-1] INFO  skf.core.SEEHLAModule - The Object ' LunarRover [entity_name=LunarRover, parent_reference_frame=MoonCentricFixed, entity_type=LunarRoverType, position=Position [x=170.123, y=200.456, z=300.321]] ' has been updated on the HLA/RTI platform.
2024-04-06 08:56:05.466 [prti1516e: LRC[0x4ebff610] Federate service] DEBUG siso.smackdown.ReferenceFrameObject - Updating the attributes of the ReferenceFrame: MoonCentricFixed.
2024-04-06 08:56:05.477 [Thread-1] DEBUG skf.model.object.ObjectClassModelParser - Encoding: LunarRover [entity_name=LunarRover, parent_reference_frame=MoonCentricFixed, entity_type=LunarRoverType, position=Position [x=180.123, y=200.456, z=300.321]]
2024-04-06 08:56:05.479 [Thread-1] INFO  skf.core.SEEHLAModule - The Object ' LunarRover [entity_name=LunarRover, parent_reference_frame=MoonCentricFixed, entity_type=LunarRoverType, position=Position [x=180.123, y=200.456, z=300.321]] ' has been updated on the HLA/RTI platform.
2024-04-06 08:56:06.476 [prti1516e: LRC[0x4ebff610] Federate service] DEBUG siso.smackdown.ReferenceFrameObject - Updating the attributes of the ReferenceFrame: MoonCentricFixed.
2024-04-06 08:56:06.482 [Thread-1] DEBUG skf.model.object.ObjectClassModelParser - Encoding: LunarRover [entity_name=LunarRover, parent_reference_frame=MoonCentricFixed, entity_type=LunarRoverType, position=Position [x=190.123, y=200.456, z=300.321]]
2024-04-06 08:56:06.483 [Thread-1] INFO  skf.core.SEEHLAModule - The Object ' LunarRover [entity_name=LunarRover, parent_reference_frame=MoonCentricFixed, entity_type=LunarRoverType, position=Position [x=190.123, y=200.456, z=300.321]] ' has been updated on the HLA/RTI platform.
2024-04-06 08:56:07.486 [prti1516e: LRC[0x4ebff610] Federate service] DEBUG siso.smackdown.ReferenceFrameObject - Updating the attributes of the ReferenceFrame: MoonCentricFixed.
2024-04-06 08:56:07.489 [Thread-1] DEBUG skf.model.object.ObjectClassModelParser - Encoding: LunarRover [entity_name=LunarRover, parent_reference_frame=MoonCentricFixed, entity_type=LunarRoverType, position=Position [x=200.123, y=200.456, z=300.321]]
2024-04-06 08:56:07.490 [Thread-1] INFO  skf.core.SEEHLAModule - The Object ' LunarRover [entity_name=LunarRover, parent_reference_frame=MoonCentricFixed, entity_type=LunarRoverType, position=Position [x=200.123, y=200.456, z=300.321]] ' has been updated on the HLA/RTI platform.
2024-04-06 08:56:08.488 [prti1516e: LRC[0x4ebff610] Federate service] DEBUG siso.smackdown.ReferenceFrameObject - Updating the attributes of the ReferenceFrame: MoonCentricFixed.
2024-04-06 08:56:08.495 [Thread-1] DEBUG skf.model.object.ObjectClassModelParser - Encoding: LunarRover [entity_name=LunarRover, parent_reference_frame=MoonCentricFixed, entity_type=LunarRoverType, position=Position [x=210.123, y=200.456, z=300.321]]
2024-04-06 08:56:08.496 [Thread-1] INFO  skf.core.SEEHLAModule - The Object ' LunarRover [entity_name=LunarRover, parent_reference_frame=MoonCentricFixed, entity_type=LunarRoverType, position=Position [x=210.123, y=200.456, z=300.321]] ' has been updated on the HLA/RTI platform.
2024-04-06 08:56:09.499 [prti1516e: LRC[0x4ebff610] Federate service] DEBUG siso.smackdown.ReferenceFrameObject - Updating the attributes of the ReferenceFrame: MoonCentricFixed.
2024-04-06 08:56:09.508 [Thread-1] DEBUG skf.model.object.ObjectClassModelParser - Encoding: LunarRover [entity_name=LunarRover, parent_reference_frame=MoonCentricFixed, entity_type=LunarRoverType, position=Position [x=220.123, y=200.456, z=300.321]]
2024-04-06 08:56:09.509 [Thread-1] INFO  skf.core.SEEHLAModule - The Object ' LunarRover [entity_name=LunarRover, parent_reference_frame=MoonCentricFixed, entity_type=LunarRoverType, position=Position [x=220.123, y=200.456, z=300.321]] ' has been updated on the HLA/RTI platform.
2024-04-06 08:56:10.507 [prti1516e: LRC[0x4ebff610] Federate service] DEBUG siso.smackdown.ReferenceFrameObject - Updating the attributes of the ReferenceFrame: MoonCentricFixed.
2024-04-06 08:56:10.526 [Thread-1] DEBUG skf.model.object.ObjectClassModelParser - Encoding: LunarRover [entity_name=LunarRover, parent_reference_frame=MoonCentricFixed, entity_type=LunarRoverType, position=Position [x=230.123, y=200.456, z=300.321]]
2024-04-06 08:56:10.528 [Thread-1] INFO  skf.core.SEEHLAModule - The Object ' LunarRover [entity_name=LunarRover, parent_reference_frame=MoonCentricFixed, entity_type=LunarRoverType, position=Position [x=230.123, y=200.456, z=300.321]] ' has been updated on the HLA/RTI platform.
2024-04-06 08:56:11.521 [prti1516e: LRC[0x4ebff610] Federate service] DEBUG siso.smackdown.ReferenceFrameObject - Updating the attributes of the ReferenceFrame: MoonCentricFixed.
2024-04-06 08:56:11.528 [Thread-1] DEBUG skf.model.object.ObjectClassModelParser - Encoding: LunarRover [entity_name=LunarRover, parent_reference_frame=MoonCentricFixed, entity_type=LunarRoverType, position=Position [x=240.123, y=200.456, z=300.321]]
2024-04-06 08:56:11.529 [Thread-1] INFO  skf.core.SEEHLAModule - The Object ' LunarRover [entity_name=LunarRover, parent_reference_frame=MoonCentricFixed, entity_type=LunarRoverType, position=Position [x=240.123, y=200.456, z=300.321]] ' has been updated on the HLA/RTI platform.
2024-04-06 08:56:12.531 [prti1516e: LRC[0x4ebff610] Federate service] DEBUG siso.smackdown.ReferenceFrameObject - Updating the attributes of the ReferenceFrame: MoonCentricFixed.
2024-04-06 08:56:12.548 [Thread-1] DEBUG skf.model.object.ObjectClassModelParser - Encoding: LunarRover [entity_name=LunarRover, parent_reference_frame=MoonCentricFixed, entity_type=LunarRoverType, position=Position [x=250.123, y=200.456, z=300.321]]
2024-04-06 08:56:12.549 [Thread-1] INFO  skf.core.SEEHLAModule - The Object ' LunarRover [entity_name=LunarRover, parent_reference_frame=MoonCentricFixed, entity_type=LunarRoverType, position=Position [x=250.123, y=200.456, z=300.321]] ' has been updated on the HLA/RTI platform.
2024-04-06 08:56:13.542 [prti1516e: LRC[0x4ebff610] Federate service] DEBUG siso.smackdown.ReferenceFrameObject - Updating the attributes of the ReferenceFrame: MoonCentricFixed.
2024-04-06 08:56:13.558 [Thread-1] DEBUG skf.model.object.ObjectClassModelParser - Encoding: LunarRover [entity_name=LunarRover, parent_reference_frame=MoonCentricFixed, entity_type=LunarRoverType, position=Position [x=260.123, y=200.456, z=300.321]]
2024-04-06 08:56:13.560 [Thread-1] INFO  skf.core.SEEHLAModule - The Object ' LunarRover [entity_name=LunarRover, parent_reference_frame=MoonCentricFixed, entity_type=LunarRoverType, position=Position [x=260.123, y=200.456, z=300.321]] ' has been updated on the HLA/RTI platform.
2024-04-06 08:56:14.553 [prti1516e: LRC[0x4ebff610] Federate service] DEBUG siso.smackdown.ReferenceFrameObject - Updating the attributes of the ReferenceFrame: MoonCentricFixed.
2024-04-06 08:56:14.569 [Thread-1] DEBUG skf.model.object.ObjectClassModelParser - Encoding: LunarRover [entity_name=LunarRover, parent_reference_frame=MoonCentricFixed, entity_type=LunarRoverType, position=Position [x=270.123, y=200.456, z=300.321]]
2024-04-06 08:56:14.571 [Thread-1] INFO  skf.core.SEEHLAModule - The Object ' LunarRover [entity_name=LunarRover, parent_reference_frame=MoonCentricFixed, entity_type=LunarRoverType, position=Position [x=270.123, y=200.456, z=300.321]] ' has been updated on the HLA/RTI platform.
2024-04-06 08:56:15.565 [prti1516e: LRC[0x4ebff610] Federate service] DEBUG siso.smackdown.ReferenceFrameObject - Updating the attributes of the ReferenceFrame: MoonCentricFixed.
2024-04-06 08:56:15.574 [Thread-1] DEBUG skf.model.object.ObjectClassModelParser - Encoding: LunarRover [entity_name=LunarRover, parent_reference_frame=MoonCentricFixed, entity_type=LunarRoverType, position=Position [x=280.123, y=200.456, z=300.321]]
2024-04-06 08:56:15.577 [Thread-1] INFO  skf.core.SEEHLAModule - The Object ' LunarRover [entity_name=LunarRover, parent_reference_frame=MoonCentricFixed, entity_type=LunarRoverType, position=Position [x=280.123, y=200.456, z=300.321]] ' has been updated on the HLA/RTI platform.
2024-04-06 08:56:16.569 [prti1516e: LRC[0x4ebff610] Federate service] DEBUG siso.smackdown.ReferenceFrameObject - Updating the attributes of the ReferenceFrame: MoonCentricFixed.
2024-04-06 08:56:16.587 [Thread-1] DEBUG skf.model.object.ObjectClassModelParser - Encoding: LunarRover [entity_name=LunarRover, parent_reference_frame=MoonCentricFixed, entity_type=LunarRoverType, position=Position [x=290.123, y=200.456, z=300.321]]
2024-04-06 08:56:16.588 [Thread-1] INFO  skf.core.SEEHLAModule - The Object ' LunarRover [entity_name=LunarRover, parent_reference_frame=MoonCentricFixed, entity_type=LunarRoverType, position=Position [x=290.123, y=200.456, z=300.321]] ' has been updated on the HLA/RTI platform.
2024-04-06 08:56:17.575 [prti1516e: LRC[0x4ebff610] Federate service] DEBUG siso.smackdown.ReferenceFrameObject - Updating the attributes of the ReferenceFrame: MoonCentricFixed.
2024-04-06 08:56:17.582 [Thread-1] DEBUG skf.model.object.ObjectClassModelParser - Encoding: LunarRover [entity_name=LunarRover, parent_reference_frame=MoonCentricFixed, entity_type=LunarRoverType, position=Position [x=300.123, y=200.456, z=300.321]]
2024-04-06 08:56:17.584 [Thread-1] INFO  skf.core.SEEHLAModule - The Object ' LunarRover [entity_name=LunarRover, parent_reference_frame=MoonCentricFixed, entity_type=LunarRoverType, position=Position [x=300.123, y=200.456, z=300.321]] ' has been updated on the HLA/RTI platform.
2024-04-06 08:56:18.584 [prti1516e: LRC[0x4ebff610] Federate service] DEBUG siso.smackdown.ReferenceFrameObject - Updating the attributes of the ReferenceFrame: MoonCentricFixed.
2024-04-06 08:56:18.593 [Thread-1] DEBUG skf.model.object.ObjectClassModelParser - Encoding: LunarRover [entity_name=LunarRover, parent_reference_frame=MoonCentricFixed, entity_type=LunarRoverType, position=Position [x=310.123, y=200.456, z=300.321]]
2024-04-06 08:56:18.595 [Thread-1] INFO  skf.core.SEEHLAModule - The Object ' LunarRover [entity_name=LunarRover, parent_reference_frame=MoonCentricFixed, entity_type=LunarRoverType, position=Position [x=310.123, y=200.456, z=300.321]] ' has been updated on the HLA/RTI platform.
2024-04-06 08:56:19.589 [prti1516e: LRC[0x4ebff610] Federate service] DEBUG siso.smackdown.ReferenceFrameObject - Updating the attributes of the ReferenceFrame: MoonCentricFixed.
2024-04-06 08:56:19.608 [Thread-1] DEBUG skf.model.object.ObjectClassModelParser - Encoding: LunarRover [entity_name=LunarRover, parent_reference_frame=MoonCentricFixed, entity_type=LunarRoverType, position=Position [x=320.123, y=200.456, z=300.321]]
2024-04-06 08:56:19.610 [Thread-1] INFO  skf.core.SEEHLAModule - The Object ' LunarRover [entity_name=LunarRover, parent_reference_frame=MoonCentricFixed, entity_type=LunarRoverType, position=Position [x=320.123, y=200.456, z=300.321]] ' has been updated on the HLA/RTI platform.
2024-04-06 08:56:20.592 [prti1516e: LRC[0x4ebff610] Federate service] DEBUG siso.smackdown.ReferenceFrameObject - Updating the attributes of the ReferenceFrame: MoonCentricFixed.
2024-04-06 08:56:20.602 [Thread-1] DEBUG skf.model.object.ObjectClassModelParser - Encoding: LunarRover [entity_name=LunarRover, parent_reference_frame=MoonCentricFixed, entity_type=LunarRoverType, position=Position [x=330.123, y=200.456, z=300.321]]
2024-04-06 08:56:20.604 [Thread-1] INFO  skf.core.SEEHLAModule - The Object ' LunarRover [entity_name=LunarRover, parent_reference_frame=MoonCentricFixed, entity_type=LunarRoverType, position=Position [x=330.123, y=200.456, z=300.321]] ' has been updated on the HLA/RTI platform.
2024-04-06 08:56:21.601 [prti1516e: LRC[0x4ebff610] Federate service] DEBUG siso.smackdown.ReferenceFrameObject - Updating the attributes of the ReferenceFrame: MoonCentricFixed.
2024-04-06 08:56:21.620 [Thread-1] DEBUG skf.model.object.ObjectClassModelParser - Encoding: LunarRover [entity_name=LunarRover, parent_reference_frame=MoonCentricFixed, entity_type=LunarRoverType, position=Position [x=340.123, y=200.456, z=300.321]]
2024-04-06 08:56:21.621 [Thread-1] INFO  skf.core.SEEHLAModule - The Object ' LunarRover [entity_name=LunarRover, parent_reference_frame=MoonCentricFixed, entity_type=LunarRoverType, position=Position [x=340.123, y=200.456, z=300.321]] ' has been updated on the HLA/RTI platform.
2024-04-06 08:56:22.609 [prti1516e: LRC[0x4ebff610] Federate service] DEBUG siso.smackdown.ReferenceFrameObject - Updating the attributes of the ReferenceFrame: MoonCentricFixed.
2024-04-06 08:56:22.625 [Thread-1] DEBUG skf.model.object.ObjectClassModelParser - Encoding: LunarRover [entity_name=LunarRover, parent_reference_frame=MoonCentricFixed, entity_type=LunarRoverType, position=Position [x=350.123, y=200.456, z=300.321]]
2024-04-06 08:56:22.627 [Thread-1] INFO  skf.core.SEEHLAModule - The Object ' LunarRover [entity_name=LunarRover, parent_reference_frame=MoonCentricFixed, entity_type=LunarRoverType, position=Position [x=350.123, y=200.456, z=300.321]] ' has been updated on the HLA/RTI platform.
2024-04-06 08:56:23.616 [prti1516e: LRC[0x4ebff610] Federate service] DEBUG siso.smackdown.ReferenceFrameObject - Updating the attributes of the ReferenceFrame: MoonCentricFixed.
2024-04-06 08:56:23.630 [Thread-1] DEBUG skf.model.object.ObjectClassModelParser - Encoding: LunarRover [entity_name=LunarRover, parent_reference_frame=MoonCentricFixed, entity_type=LunarRoverType, position=Position [x=360.123, y=200.456, z=300.321]]
2024-04-06 08:56:23.631 [Thread-1] INFO  skf.core.SEEHLAModule - The Object ' LunarRover [entity_name=LunarRover, parent_reference_frame=MoonCentricFixed, entity_type=LunarRoverType, position=Position [x=360.123, y=200.456, z=300.321]] ' has been updated on the HLA/RTI platform.
2024-04-06 08:56:24.621 [prti1516e: LRC[0x4ebff610] Federate service] DEBUG siso.smackdown.ReferenceFrameObject - Updating the attributes of the ReferenceFrame: MoonCentricFixed.
2024-04-06 08:56:24.641 [Thread-1] DEBUG skf.model.object.ObjectClassModelParser - Encoding: LunarRover [entity_name=LunarRover, parent_reference_frame=MoonCentricFixed, entity_type=LunarRoverType, position=Position [x=370.123, y=200.456, z=300.321]]
2024-04-06 08:56:24.642 [Thread-1] INFO  skf.core.SEEHLAModule - The Object ' LunarRover [entity_name=LunarRover, parent_reference_frame=MoonCentricFixed, entity_type=LunarRoverType, position=Position [x=370.123, y=200.456, z=300.321]] ' has been updated on the HLA/RTI platform.
2024-04-06 08:56:25.630 [prti1516e: LRC[0x4ebff610] Federate service] DEBUG siso.smackdown.ReferenceFrameObject - Updating the attributes of the ReferenceFrame: MoonCentricFixed.
2024-04-06 08:56:25.654 [Thread-1] DEBUG skf.model.object.ObjectClassModelParser - Encoding: LunarRover [entity_name=LunarRover, parent_reference_frame=MoonCentricFixed, entity_type=LunarRoverType, position=Position [x=380.123, y=200.456, z=300.321]]
2024-04-06 08:56:25.655 [Thread-1] INFO  skf.core.SEEHLAModule - The Object ' LunarRover [entity_name=LunarRover, parent_reference_frame=MoonCentricFixed, entity_type=LunarRoverType, position=Position [x=380.123, y=200.456, z=300.321]] ' has been updated on the HLA/RTI platform.
2024-04-06 08:56:26.637 [prti1516e: LRC[0x4ebff610] Federate service] DEBUG siso.smackdown.ReferenceFrameObject - Updating the attributes of the ReferenceFrame: MoonCentricFixed.
2024-04-06 08:56:26.647 [Thread-1] DEBUG skf.model.object.ObjectClassModelParser - Encoding: LunarRover [entity_name=LunarRover, parent_reference_frame=MoonCentricFixed, entity_type=LunarRoverType, position=Position [x=390.123, y=200.456, z=300.321]]
2024-04-06 08:56:26.649 [Thread-1] INFO  skf.core.SEEHLAModule - The Object ' LunarRover [entity_name=LunarRover, parent_reference_frame=MoonCentricFixed, entity_type=LunarRoverType, position=Position [x=390.123, y=200.456, z=300.321]] ' has been updated on the HLA/RTI platform.
2024-04-06 08:56:27.645 [prti1516e: LRC[0x4ebff610] Federate service] DEBUG siso.smackdown.ReferenceFrameObject - Updating the attributes of the ReferenceFrame: MoonCentricFixed.
2024-04-06 08:56:27.658 [Thread-1] DEBUG skf.model.object.ObjectClassModelParser - Encoding: LunarRover [entity_name=LunarRover, parent_reference_frame=MoonCentricFixed, entity_type=LunarRoverType, position=Position [x=400.123, y=200.456, z=300.321]]
2024-04-06 08:56:27.659 [Thread-1] INFO  skf.core.SEEHLAModule - The Object ' LunarRover [entity_name=LunarRover, parent_reference_frame=MoonCentricFixed, entity_type=LunarRoverType, position=Position [x=400.123, y=200.456, z=300.321]] ' has been updated on the HLA/RTI platform.
2024-04-06 08:56:28.652 [prti1516e: LRC[0x4ebff610] Federate service] DEBUG siso.smackdown.ReferenceFrameObject - Updating the attributes of the ReferenceFrame: MoonCentricFixed.
2024-04-06 08:56:28.663 [Thread-1] DEBUG skf.model.object.ObjectClassModelParser - Encoding: LunarRover [entity_name=LunarRover, parent_reference_frame=MoonCentricFixed, entity_type=LunarRoverType, position=Position [x=410.123, y=200.456, z=300.321]]
2024-04-06 08:56:28.664 [Thread-1] INFO  skf.core.SEEHLAModule - The Object ' LunarRover [entity_name=LunarRover, parent_reference_frame=MoonCentricFixed, entity_type=LunarRoverType, position=Position [x=410.123, y=200.456, z=300.321]] ' has been updated on the HLA/RTI platform.
2024-04-06 08:56:29.662 [prti1516e: LRC[0x4ebff610] Federate service] DEBUG siso.smackdown.ReferenceFrameObject - Updating the attributes of the ReferenceFrame: MoonCentricFixed.
2024-04-06 08:56:29.667 [Thread-1] DEBUG skf.model.object.ObjectClassModelParser - Encoding: LunarRover [entity_name=LunarRover, parent_reference_frame=MoonCentricFixed, entity_type=LunarRoverType, position=Position [x=420.123, y=200.456, z=300.321]]
2024-04-06 08:56:29.669 [Thread-1] INFO  skf.core.SEEHLAModule - The Object ' LunarRover [entity_name=LunarRover, parent_reference_frame=MoonCentricFixed, entity_type=LunarRoverType, position=Position [x=420.123, y=200.456, z=300.321]] ' has been updated on the HLA/RTI platform.
2024-04-06 08:56:30.666 [prti1516e: LRC[0x4ebff610] Federate service] DEBUG siso.smackdown.ReferenceFrameObject - Updating the attributes of the ReferenceFrame: MoonCentricFixed.
2024-04-06 08:56:30.675 [Thread-1] DEBUG skf.model.object.ObjectClassModelParser - Encoding: LunarRover [entity_name=LunarRover, parent_reference_frame=MoonCentricFixed, entity_type=LunarRoverType, position=Position [x=430.123, y=200.456, z=300.321]]
2024-04-06 08:56:30.677 [Thread-1] INFO  skf.core.SEEHLAModule - The Object ' LunarRover [entity_name=LunarRover, parent_reference_frame=MoonCentricFixed, entity_type=LunarRoverType, position=Position [x=430.123, y=200.456, z=300.321]] ' has been updated on the HLA/RTI platform.
